<?xml version="1.0" encoding="UTF-8"?>
<testsuite xmlns:xsi="http://www.w3.org/2001/XMLSchema-instance" xsi:noNamespaceSchemaLocation="https://maven.apache.org/surefire/maven-surefire-plugin/xsd/surefire-test-report-3.0.xsd" version="3.0" name="LionTest" time="0.013" tests="7" errors="0" skipped="0" failures="0">
  <properties>
[...]
</properties>
  <testcase name="testLion_InvalidSexThrowsException" classname="LionTest" time="0"/>
  <testcase name="testLion_ValidFemaleCreatesInstance" classname="LionTest" time="0"/>
  <testcase name="testGetKittens_DelegatesToFeline" classname="LionTest" time="0"/>
  <testcase name="testGetKittens_CallsFelineGetKittens" classname="LionTest" time="0"/>
  <testcase name="testGetFood_DelegatesToFeline" classname="LionTest" time="0.006"/>
  <testcase name="testGetFood_CallsFelineGetFood" classname="LionTest" time="0"/>
  <testcase name="testLion_ValidMaleCreatesInstance" classname="LionTest" time="0.001"/>
</testsuite>